[2.912s] DEBUG:colcon:Command line arguments: ['/usr/bin/colcon', 'build']
[2.913s] DEBUG:colcon:Parsed command line arguments: Namespace(log_base=None, log_level=None, verb_name='build', build_base='build', install_base='install', merge_install=False, symlink_install=False, test_result_base=None, continue_on_error=False, executor='parallel', parallel_workers=4, event_handlers=None, ignore_user_meta=False, metas=['./colcon.meta'], base_paths=['.'], packages_ignore=None, packages_ignore_regex=None, paths=None, packages_up_to=None, packages_up_to_regex=None, packages_above=None, packages_above_and_dependencies=None, packages_above_depth=None, packages_select_by_dep=None, packages_skip_by_dep=None, packages_skip_up_to=None, packages_select_build_failed=False, packages_skip_build_finished=False, packages_select_test_failures=False, packages_skip_test_passed=False, packages_select=None, packages_skip=None, packages_select_regex=None, packages_skip_regex=None, packages_start=None, packages_end=None, allow_overriding=[], cmake_args=None, cmake_target=None, cmake_target_skip_unavailable=False, cmake_clean_cache=False, cmake_clean_first=False, cmake_force_configure=False, ament_cmake_args=None, catkin_cmake_args=None, catkin_skip_building_tests=False, verb_parser=<colcon_defaults.argument_parser.defaults.DefaultArgumentsDecorator object at 0xffffac3f5ae0>, verb_extension=<colcon_core.verb.build.BuildVerb object at 0xffffacc729e0>, main=<bound method BuildVerb.main of <colcon_core.verb.build.BuildVerb object at 0xffffacc729e0>>)
[3.394s] Level 1:colcon.colcon_core.package_discovery:discover_packages(colcon_meta) check parameters
[3.397s] Level 1:colcon.colcon_core.package_discovery:discover_packages(recursive) check parameters
[3.398s] Level 1:colcon.colcon_core.package_discovery:discover_packages(ignore) check parameters
[3.398s] Level 1:colcon.colcon_core.package_discovery:discover_packages(path) check parameters
[3.398s] Level 1:colcon.colcon_core.package_discovery:discover_packages(colcon_meta) discover
[3.399s] Level 1:colcon.colcon_core.package_discovery:discover_packages(recursive) discover
[3.399s] INFO:colcon.colcon_core.package_discovery:Crawling recursively for packages in '/mnt/cn24672/m-drive/CE801/robotics'
[3.410s] Level 1:colcon.colcon_core.package_identification:_identify(.) by extensions ['ignore', 'ignore_ament_install']
[3.411s] Level 1:colcon.colcon_core.package_identification:_identify(.) by extension 'ignore'
[3.414s] Level 1:colcon.colcon_core.package_identification:_identify(.) by extension 'ignore_ament_install'
[3.425s] Level 1:colcon.colcon_core.package_identification:_identify(.) by extensions ['colcon_pkg']
[3.426s] Level 1:colcon.colcon_core.package_identification:_identify(.) by extension 'colcon_pkg'
[3.429s] Level 1:colcon.colcon_core.package_identification:_identify(.) by extensions ['colcon_meta']
[3.429s] Level 1:colcon.colcon_core.package_identification:_identify(.) by extension 'colcon_meta'
[3.430s] Level 1:colcon.colcon_core.package_identification:_identify(.) by extensions ['ros']
[3.431s] Level 1:colcon.colcon_core.package_identification:_identify(.) by extension 'ros'
[3.594s] Level 1:colcon.colcon_core.package_identification:_identify(.) by extensions ['cmake', 'python']
[3.594s] Level 1:colcon.colcon_core.package_identification:_identify(.) by extension 'cmake'
[3.600s] Level 1:colcon.colcon_core.package_identification:_identify(.) by extension 'python'
[3.604s] Level 1:colcon.colcon_core.package_identification:_identify(.) by extensions ['python_setup_py']
[3.604s] Level 1:colcon.colcon_core.package_identification:_identify(.) by extension 'python_setup_py'
[3.612s] Level 1:colcon.colcon_core.package_identification:_identify(build) by extensions ['ignore', 'ignore_ament_install']
[3.613s] Level 1:colcon.colcon_core.package_identification:_identify(build) by extension 'ignore'
[3.614s] Level 1:colcon.colcon_core.package_identification:_identify(build) ignored
[3.622s] Level 1:colcon.colcon_core.package_identification:_identify(install) by extensions ['ignore', 'ignore_ament_install']
[3.623s] Level 1:colcon.colcon_core.package_identification:_identify(install) by extension 'ignore'
[3.624s] Level 1:colcon.colcon_core.package_identification:_identify(install) ignored
[3.631s] Level 1:colcon.colcon_core.package_identification:_identify(log) by extensions ['ignore', 'ignore_ament_install']
[3.632s] Level 1:colcon.colcon_core.package_identification:_identify(log) by extension 'ignore'
[3.632s] Level 1:colcon.colcon_core.package_identification:_identify(log) ignored
[3.639s] Level 1:colcon.colcon_core.package_identification:_identify(world) by extensions ['ignore', 'ignore_ament_install']
[3.640s] Level 1:colcon.colcon_core.package_identification:_identify(world) by extension 'ignore'
[3.643s] Level 1:colcon.colcon_core.package_identification:_identify(world) by extension 'ignore_ament_install'
[3.649s] Level 1:colcon.colcon_core.package_identification:_identify(world) by extensions ['colcon_pkg']
[3.650s] Level 1:colcon.colcon_core.package_identification:_identify(world) by extension 'colcon_pkg'
[3.653s] Level 1:colcon.colcon_core.package_identification:_identify(world) by extensions ['colcon_meta']
[3.653s] Level 1:colcon.colcon_core.package_identification:_identify(world) by extension 'colcon_meta'
[3.654s] Level 1:colcon.colcon_core.package_identification:_identify(world) by extensions ['ros']
[3.655s] Level 1:colcon.colcon_core.package_identification:_identify(world) by extension 'ros'
[3.664s] Level 1:colcon.colcon_core.package_identification:_identify(world) by extensions ['cmake', 'python']
[3.664s] Level 1:colcon.colcon_core.package_identification:_identify(world) by extension 'cmake'
[3.667s] Level 1:colcon.colcon_core.package_identification:_identify(world) by extension 'python'
[3.670s] Level 1:colcon.colcon_core.package_identification:_identify(world) by extensions ['python_setup_py']
[3.670s] Level 1:colcon.colcon_core.package_identification:_identify(world) by extension 'python_setup_py'
[3.671s] Level 1:colcon.colcon_core.package_discovery:discover_packages(recursive) using defaults
[3.671s] Level 1:colcon.colcon_core.package_discovery:discover_packages(ignore) discover
[3.672s] Level 1:colcon.colcon_core.package_discovery:discover_packages(ignore) using defaults
[3.672s] Level 1:colcon.colcon_core.package_discovery:discover_packages(path) discover
[3.672s] Level 1:colcon.colcon_core.package_discovery:discover_packages(path) using defaults
[3.971s] Level 1:colcon.colcon_core.package_discovery:discover_packages(prefix_path) check parameters
[3.971s] Level 1:colcon.colcon_core.package_discovery:discover_packages(prefix_path) discover
[4.015s] DEBUG:colcon.colcon_installed_package_information.package_discovery:Found 7 installed packages in /home/ubuntu/turtlebot3_ws/install
[4.032s] DEBUG:colcon.colcon_installed_package_information.package_discovery:Found 183 installed packages in /opt/ros/humble
[4.041s] Level 1:colcon.colcon_core.package_discovery:discover_packages(prefix_path) using defaults
[4.488s] INFO:colcon.colcon_core.executor:Executing jobs using 'parallel' executor
[4.514s] DEBUG:colcon.colcon_parallel_executor.executor.parallel:run_until_complete
[4.514s] DEBUG:colcon.colcon_parallel_executor.executor.parallel:closing loop
[4.515s] DEBUG:colcon.colcon_parallel_executor.executor.parallel:loop closed
[4.515s] DEBUG:colcon.colcon_parallel_executor.executor.parallel:run_until_complete finished with '0'
[4.515s] DEBUG:colcon.colcon_core.event_reactor:joining thread
[4.593s] INFO:colcon.colcon_core.plugin_system:Skipping extension 'colcon_notification.desktop_notification.notify_send': Could not find 'notify-send'
[4.594s] INFO:colcon.colcon_core.plugin_system:Skipping extension 'colcon_notification.desktop_notification.terminal_notifier': Not used on non-Darwin systems
[4.595s] INFO:colcon.colcon_core.plugin_system:Skipping extension 'colcon_notification.desktop_notification.win32': Not used on non-Windows systems
[4.595s] INFO:colcon.colcon_notification.desktop_notification:Sending desktop notification using 'notify2'
[4.651s] DEBUG:colcon.colcon_notification.desktop_notification.notify2:Failed to initialize notify2: org.freedesktop.DBus.Error.ServiceUnknown: The name org.freedesktop.Notifications was not provided by any .service files
[4.652s] DEBUG:colcon.colcon_core.event_reactor:joined thread
[4.714s] INFO:colcon.colcon_core.plugin_system:Skipping extension 'colcon_core.shell.bat': Not used on non-Windows systems
[4.717s] INFO:colcon.colcon_core.shell:Creating prefix script '/mnt/cn24672/m-drive/CE801/robotics/install/local_setup.ps1'
[4.745s] INFO:colcon.colcon_core.shell:Creating prefix util module '/mnt/cn24672/m-drive/CE801/robotics/install/_local_setup_util_ps1.py'
[4.783s] INFO:colcon.colcon_core.shell:Creating prefix chain script '/mnt/cn24672/m-drive/CE801/robotics/install/setup.ps1'
[4.821s] INFO:colcon.colcon_core.shell:Creating prefix script '/mnt/cn24672/m-drive/CE801/robotics/install/local_setup.sh'
[4.847s] INFO:colcon.colcon_core.shell:Creating prefix util module '/mnt/cn24672/m-drive/CE801/robotics/install/_local_setup_util_sh.py'
[4.873s] INFO:colcon.colcon_core.shell:Creating prefix chain script '/mnt/cn24672/m-drive/CE801/robotics/install/setup.sh'
[4.912s] INFO:colcon.colcon_core.shell:Creating prefix script '/mnt/cn24672/m-drive/CE801/robotics/install/local_setup.bash'
[4.935s] INFO:colcon.colcon_core.shell:Creating prefix chain script '/mnt/cn24672/m-drive/CE801/robotics/install/setup.bash'
[4.989s] INFO:colcon.colcon_core.shell:Creating prefix script '/mnt/cn24672/m-drive/CE801/robotics/install/local_setup.zsh'
[5.023s] INFO:colcon.colcon_core.shell:Creating prefix chain script '/mnt/cn24672/m-drive/CE801/robotics/install/setup.zsh'
